[debug] [2020-09-11T16:58:07.106Z] ----------------------------------------------------------------------
[debug] [2020-09-11T16:58:07.112Z] Command:       /data/data/com.termux/files/usr/bin/node /data/data/com.termux/files/usr/bin/firebase emulators:start
[debug] [2020-09-11T16:58:07.113Z] CLI Version:   8.10.0
[debug] [2020-09-11T16:58:07.114Z] Platform:      android
[debug] [2020-09-11T16:58:07.114Z] Node Version:  v14.8.0
[debug] [2020-09-11T16:58:07.115Z] Time:          Fri Sep 11 2020 16:58:07 GMT+0000 (Greenwich Mean Time)
[debug] [2020-09-11T16:58:07.116Z] ----------------------------------------------------------------------
[debug] [2020-09-11T16:58:07.116Z] 
[debug] [2020-09-11T16:58:07.134Z] > command requires scopes: ["email","openid","https://www.googleapis.com/auth/cloudplatformprojects.readonly","https://www.googleapis.com/auth/firebase","https://www.googleapis.com/auth/cloud-platform"]
[debug] [2020-09-11T16:58:07.135Z] > authorizing via signed-in user
[info] i  emulators: Starting emulators: functions, hosting {"metadata":{"emulator":{"name":"hub"},"message":"Starting emulators: functions, hosting"}}
[debug] [2020-09-11T16:58:07.192Z] [hub] writing locator at /data/data/com.termux/files/usr/tmp/hub-e-clone-f33a0.json
[warn] ⚠  functions: The following emulators are not running, calls to these services from the Functions emulator will affect production: firestore, database, pubsub {"metadata":{"emulator":{"name":"functions"},"message":"The following emulators are not running, calls to these services from the Functions emulator will affect production: \u001b[1mfirestore, database, pubsub\u001b[22m"}}
[warn] ⚠  Your requested "node" version "10" doesn't match your global version "14" {"metadata":{"emulator":{"name":"functions"},"message":"Your requested \"node\" version \"10\" doesn't match your global version \"14\""}}
[debug] [2020-09-11T16:58:07.275Z] defaultcredentials: writing to file /data/data/com.termux/files/home/.config/firebase/llewellynpaintsil34_gmail_com_application_default_credentials.json
[debug] [2020-09-11T16:58:07.281Z] Setting GAC to /data/data/com.termux/files/home/.config/firebase/llewellynpaintsil34_gmail_com_application_default_credentials.json {"metadata":{"emulator":{"name":"functions"},"message":"Setting GAC to /data/data/com.termux/files/home/.config/firebase/llewellynpaintsil34_gmail_com_application_default_credentials.json"}}
[debug] [2020-09-11T16:58:07.307Z] >>> HTTP REQUEST GET https://firebase.googleapis.com/v1beta1/projects/e-clone-f33a0/webApps/-/config  
 
[debug] [2020-09-11T16:58:08.910Z] <<< HTTP RESPONSE 200 {"content-type":"application/json; charset=UTF-8","vary":"X-Origin, Referer, Origin,Accept-Encoding","date":"Fri, 11 Sep 2020 16:58:10 GMT","server":"ESF","cache-control":"private","x-xss-protection":"0","x-frame-options":"SAMEORIGIN","x-content-type-options":"nosniff","alt-svc":"h3-29=\":443\"; ma=2592000,h3-27=\":443\"; ma=2592000,h3-T051=\":443\"; ma=2592000,h3-T050=\":443\"; ma=2592000,h3-Q050=\":443\"; ma=2592000,h3-Q046=\":443\"; ma=2592000,h3-Q043=\":443\"; ma=2592000,quic=\":443\"; ma=2592000; v=\"46,43\"","accept-ranges":"none","transfer-encoding":"chunked"}
[info] i  hosting: Serving hosting files from: build {"metadata":{"emulator":{"name":"hosting"},"message":"Serving hosting files from: \u001b[1mbuild\u001b[22m"}}
[info] ✔  hosting: Local server: http://localhost:5000 {"metadata":{"emulator":{"name":"hosting"},"message":"Local server: \u001b[4m\u001b[1mhttp://localhost:5000\u001b[22m\u001b[24m"}}
[debug] [2020-09-11T16:58:09.020Z] Ignoring unsupported arg: auto_download {"metadata":{"emulator":{"name":"ui"},"message":"Ignoring unsupported arg: auto_download"}}
[debug] [2020-09-11T16:58:09.022Z] Ignoring unsupported arg: port {"metadata":{"emulator":{"name":"ui"},"message":"Ignoring unsupported arg: port"}}
[debug] [2020-09-11T16:58:09.023Z] Starting Emulator UI with command {"binary":"node","args":["/data/data/com.termux/files/home/.cache/firebase/emulators/ui-v1.1.1/server.bundle.js"],"optionalArgs":[],"joinArgs":false} {"metadata":{"emulator":{"name":"ui"},"message":"Starting Emulator UI with command {\"binary\":\"node\",\"args\":[\"/data/data/com.termux/files/home/.cache/firebase/emulators/ui-v1.1.1/server.bundle.js\"],\"optionalArgs\":[],\"joinArgs\":false}"}}
[info] i  ui: Emulator UI logging to ui-debug.log {"metadata":{"emulator":{"name":"ui"},"message":"Emulator UI logging to \u001b[1mui-debug.log\u001b[22m"}}
[debug] [2020-09-11T16:58:09.488Z] Web / API server started at http://localhost:4000
 {"metadata":{"emulator":{"name":"ui"},"message":"Web / API server started at http://localhost:4000\n"}}
[info] i  functions: Watching "/data/data/com.termux/files/home/Projects/amazon-clone/functions" for Cloud Functions... {"metadata":{"emulator":{"name":"functions"},"message":"Watching \"/data/data/com.termux/files/home/Projects/amazon-clone/functions\" for Cloud Functions..."}}
[debug] [2020-09-11T16:58:09.606Z] [worker-pool] addWorker(~diagnostic~) {"metadata":{"emulator":{"name":"functions"},"message":"[worker-pool] addWorker(~diagnostic~)"}}
[debug] [2020-09-11T16:58:09.607Z] [worker-pool] Adding worker with key ~diagnostic~, total=1 {"metadata":{"emulator":{"name":"functions"},"message":"[worker-pool] Adding worker with key ~diagnostic~, total=1"}}
[debug] [2020-09-11T16:58:09.608Z] [worker-pool] submitWork(triggerId=) {"metadata":{"emulator":{"name":"functions"},"message":"[worker-pool] submitWork(triggerId=)"}}
[debug] [2020-09-11T16:58:09.609Z] [worker-~diagnostic~-9f6ce316-6e7d-4cb6-951b-f86b17b3bcd4]: Assigning socketPath: /data/data/com.termux/files/usr/tmp/fire_emu_20278.sock {"metadata":{"emulator":{"name":"functions"},"message":"[worker-~diagnostic~-9f6ce316-6e7d-4cb6-951b-f86b17b3bcd4]: Assigning socketPath: /data/data/com.termux/files/usr/tmp/fire_emu_20278.sock"}}
[debug] [2020-09-11T16:58:09.611Z] [worker-~diagnostic~-9f6ce316-6e7d-4cb6-951b-f86b17b3bcd4]: BUSY {"metadata":{"emulator":{"name":"functions"},"message":"[worker-~diagnostic~-9f6ce316-6e7d-4cb6-951b-f86b17b3bcd4]: BUSY"}}
[debug] [2020-09-11T16:58:10.857Z] [runtime-status] [20278] Functions runtime initialized. {"cwd":"/data/data/com.termux/files/home/Projects/amazon-clone/functions","node_version":"14.8.0"} {"metadata":{"emulator":{"name":"functions"},"message":"[runtime-status] [20278] Functions runtime initialized. {\"cwd\":\"/data/data/com.termux/files/home/Projects/amazon-clone/functions\",\"node_version\":\"14.8.0\"}"}}
[debug] [2020-09-11T16:58:10.862Z] [runtime-status] [20278] Disabled runtime features: undefined {"metadata":{"emulator":{"name":"functions"},"message":"[runtime-status] [20278] Disabled runtime features: undefined"}}
[debug] [2020-09-11T16:58:10.872Z] [runtime-status] [20278] Resolved module firebase-admin {"declared":true,"installed":true,"version":"8.13.0","resolution":"/data/data/com.termux/files/home/Projects/amazon-clone/functions/node_modules/firebase-admin/lib/index.js"} {"metadata":{"emulator":{"name":"functions"},"message":"[runtime-status] [20278] Resolved module firebase-admin {\"declared\":true,\"installed\":true,\"version\":\"8.13.0\",\"resolution\":\"/data/data/com.termux/files/home/Projects/amazon-clone/functions/node_modules/firebase-admin/lib/index.js\"}"}}
[debug] [2020-09-11T16:58:10.877Z] [runtime-status] [20278] Resolved module firebase-functions {"declared":true,"installed":true,"version":"3.11.0","resolution":"/data/data/com.termux/files/home/Projects/amazon-clone/functions/node_modules/firebase-functions/lib/index.js"} {"metadata":{"emulator":{"name":"functions"},"message":"[runtime-status] [20278] Resolved module firebase-functions {\"declared\":true,\"installed\":true,\"version\":\"3.11.0\",\"resolution\":\"/data/data/com.termux/files/home/Projects/amazon-clone/functions/node_modules/firebase-functions/lib/index.js\"}"}}
[debug] [2020-09-11T16:58:10.881Z] [runtime-status] [20278] Resolved module firebase-functions {"declared":true,"installed":true,"version":"3.11.0","resolution":"/data/data/com.termux/files/home/Projects/amazon-clone/functions/node_modules/firebase-functions/lib/index.js"} {"metadata":{"emulator":{"name":"functions"},"message":"[runtime-status] [20278] Resolved module firebase-functions {\"declared\":true,\"installed\":true,\"version\":\"3.11.0\",\"resolution\":\"/data/data/com.termux/files/home/Projects/amazon-clone/functions/node_modules/firebase-functions/lib/index.js\"}"}}
[debug] [2020-09-11T16:58:10.894Z] [runtime-status] [20278] Outgoing network have been stubbed. [{"name":"http","status":"mocked"},{"name":"http","status":"mocked"},{"name":"https","status":"mocked"},{"name":"https","status":"mocked"},{"name":"net","status":"mocked"}] {"metadata":{"emulator":{"name":"functions"},"message":"[runtime-status] [20278] Outgoing network have been stubbed. [{\"name\":\"http\",\"status\":\"mocked\"},{\"name\":\"http\",\"status\":\"mocked\"},{\"name\":\"https\",\"status\":\"mocked\"},{\"name\":\"https\",\"status\":\"mocked\"},{\"name\":\"net\",\"status\":\"mocked\"}]"}}
[debug] [2020-09-11T16:58:10.898Z] [runtime-status] [20278] Resolved module firebase-functions {"declared":true,"installed":true,"version":"3.11.0","resolution":"/data/data/com.termux/files/home/Projects/amazon-clone/functions/node_modules/firebase-functions/lib/index.js"} {"metadata":{"emulator":{"name":"functions"},"message":"[runtime-status] [20278] Resolved module firebase-functions {\"declared\":true,\"installed\":true,\"version\":\"3.11.0\",\"resolution\":\"/data/data/com.termux/files/home/Projects/amazon-clone/functions/node_modules/firebase-functions/lib/index.js\"}"}}
[debug] [2020-09-11T16:58:11.014Z] [runtime-status] [20278] Checked functions.config() {"config":{}} {"metadata":{"emulator":{"name":"functions"},"message":"[runtime-status] [20278] Checked functions.config() {\"config\":{}}"}}
[debug] [2020-09-11T16:58:11.015Z] [runtime-status] [20278] firebase-functions has been stubbed. {"functionsResolution":{"declared":true,"installed":true,"version":"3.11.0","resolution":"/data/data/com.termux/files/home/Projects/amazon-clone/functions/node_modules/firebase-functions/lib/index.js"}} {"metadata":{"emulator":{"name":"functions"},"message":"[runtime-status] [20278] firebase-functions has been stubbed. {\"functionsResolution\":{\"declared\":true,\"installed\":true,\"version\":\"3.11.0\",\"resolution\":\"/data/data/com.termux/files/home/Projects/amazon-clone/functions/node_modules/firebase-functions/lib/index.js\"}}"}}
[debug] [2020-09-11T16:58:11.016Z] [runtime-status] [20278] Resolved module firebase-functions {"declared":true,"installed":true,"version":"3.11.0","resolution":"/data/data/com.termux/files/home/Projects/amazon-clone/functions/node_modules/firebase-functions/lib/index.js"} {"metadata":{"emulator":{"name":"functions"},"message":"[runtime-status] [20278] Resolved module firebase-functions {\"declared\":true,\"installed\":true,\"version\":\"3.11.0\",\"resolution\":\"/data/data/com.termux/files/home/Projects/amazon-clone/functions/node_modules/firebase-functions/lib/index.js\"}"}}
[debug] [2020-09-11T16:58:11.020Z] [runtime-status] [20278] Resolved module firebase-admin {"declared":true,"installed":true,"version":"8.13.0","resolution":"/data/data/com.termux/files/home/Projects/amazon-clone/functions/node_modules/firebase-admin/lib/index.js"} {"metadata":{"emulator":{"name":"functions"},"message":"[runtime-status] [20278] Resolved module firebase-admin {\"declared\":true,\"installed\":true,\"version\":\"8.13.0\",\"resolution\":\"/data/data/com.termux/files/home/Projects/amazon-clone/functions/node_modules/firebase-admin/lib/index.js\"}"}}
[debug] [2020-09-11T16:58:11.022Z] [runtime-status] [20278] Resolved module firebase-functions {"declared":true,"installed":true,"version":"3.11.0","resolution":"/data/data/com.termux/files/home/Projects/amazon-clone/functions/node_modules/firebase-functions/lib/index.js"} {"metadata":{"emulator":{"name":"functions"},"message":"[runtime-status] [20278] Resolved module firebase-functions {\"declared\":true,\"installed\":true,\"version\":\"3.11.0\",\"resolution\":\"/data/data/com.termux/files/home/Projects/amazon-clone/functions/node_modules/firebase-functions/lib/index.js\"}"}}
[debug] [2020-09-11T16:58:11.023Z] [runtime-status] [20278] firebase-admin has been stubbed. {"adminResolution":{"declared":true,"installed":true,"version":"8.13.0","resolution":"/data/data/com.termux/files/home/Projects/amazon-clone/functions/node_modules/firebase-admin/lib/index.js"}} {"metadata":{"emulator":{"name":"functions"},"message":"[runtime-status] [20278] firebase-admin has been stubbed. {\"adminResolution\":{\"declared\":true,\"installed\":true,\"version\":\"8.13.0\",\"resolution\":\"/data/data/com.termux/files/home/Projects/amazon-clone/functions/node_modules/firebase-admin/lib/index.js\"}}"}}
[info] ✔  functions[api]: http function initialized (http://localhost:5001/e-clone-f33a0/us-central1/api). {"metadata":{"emulator":{"name":"functions"},"message":"\u001b[1mhttp\u001b[22m function initialized (http://localhost:5001/e-clone-f33a0/us-central1/api)."}}
[info] 
┌───────────────────────────────────────────────────────────────────────┐
│ ✔  All emulators ready! View status and logs at http://localhost:4000 │
└───────────────────────────────────────────────────────────────────────┘

┌───────────┬────────────────┬─────────────────────────────────┐
│ Emulator  │ Host:Port      │ View in Emulator UI             │
├───────────┼────────────────┼─────────────────────────────────┤
│ Functions │ localhost:5001 │ http://localhost:4000/functions │
├───────────┼────────────────┼─────────────────────────────────┤
│ Hosting   │ localhost:5000 │ n/a                             │
└───────────┴────────────────┴─────────────────────────────────┘
  Other reserved ports: 4400, 4500

Issues? Report them at https://github.com/firebase/firebase-tools/issues and attach the *-debug.log files.
 
[debug] [2020-09-11T16:58:11.356Z] [worker-~diagnostic~-9f6ce316-6e7d-4cb6-951b-f86b17b3bcd4]: IDLE {"metadata":{"emulator":{"name":"functions"},"message":"[worker-~diagnostic~-9f6ce316-6e7d-4cb6-951b-f86b17b3bcd4]: IDLE"}}
[debug] [2020-09-11T16:59:07.024Z] [work-queue] {"queueLength":1,"workRunningCount":0}
[debug] [2020-09-11T16:59:07.027Z] [work-queue] {"queueLength":0,"workRunningCount":1}
[debug] [2020-09-11T16:59:07.029Z] Accepted request GET /e-clone-f33a0/us-central1/api --> api
[debug] [2020-09-11T16:59:07.045Z] [worker-pool] addWorker(api) {"metadata":{"emulator":{"name":"functions"},"message":"[worker-pool] addWorker(api)"}}
[debug] [2020-09-11T16:59:07.047Z] [worker-pool] Adding worker with key api, total=1 {"metadata":{"emulator":{"name":"functions"},"message":"[worker-pool] Adding worker with key api, total=1"}}
[debug] [2020-09-11T16:59:07.047Z] [worker-pool] submitWork(triggerId=api) {"metadata":{"emulator":{"name":"functions"},"message":"[worker-pool] submitWork(triggerId=api)"}}
[debug] [2020-09-11T16:59:07.048Z] [worker-api-2c21d662-4181-4d0c-9748-9b44e9cf7f04]: Assigning socketPath: /data/data/com.termux/files/usr/tmp/fire_emu_20573.sock {"metadata":{"emulator":{"name":"functions"},"message":"[worker-api-2c21d662-4181-4d0c-9748-9b44e9cf7f04]: Assigning socketPath: /data/data/com.termux/files/usr/tmp/fire_emu_20573.sock"}}
[debug] [2020-09-11T16:59:07.048Z] [worker-api-2c21d662-4181-4d0c-9748-9b44e9cf7f04]: BUSY {"metadata":{"emulator":{"name":"functions"},"message":"[worker-api-2c21d662-4181-4d0c-9748-9b44e9cf7f04]: BUSY"}}
[debug] [2020-09-11T16:59:07.998Z] [runtime-status] [20573] Functions runtime initialized. {"cwd":"/data/data/com.termux/files/home/Projects/amazon-clone/functions","node_version":"14.8.0"} {"metadata":{"emulator":{"name":"functions"},"function":{"name":"api"},"message":"[runtime-status] [20573] Functions runtime initialized. {\"cwd\":\"/data/data/com.termux/files/home/Projects/amazon-clone/functions\",\"node_version\":\"14.8.0\"}"}}
[debug] [2020-09-11T16:59:08.005Z] [runtime-status] [20573] Disabled runtime features: undefined {"metadata":{"emulator":{"name":"functions"},"function":{"name":"api"},"message":"[runtime-status] [20573] Disabled runtime features: undefined"}}
[debug] [2020-09-11T16:59:08.014Z] [runtime-status] [20573] Resolved module firebase-admin {"declared":true,"installed":true,"version":"8.13.0","resolution":"/data/data/com.termux/files/home/Projects/amazon-clone/functions/node_modules/firebase-admin/lib/index.js"} {"metadata":{"emulator":{"name":"functions"},"function":{"name":"api"},"message":"[runtime-status] [20573] Resolved module firebase-admin {\"declared\":true,\"installed\":true,\"version\":\"8.13.0\",\"resolution\":\"/data/data/com.termux/files/home/Projects/amazon-clone/functions/node_modules/firebase-admin/lib/index.js\"}"}}
[debug] [2020-09-11T16:59:08.024Z] [runtime-status] [20573] Resolved module firebase-functions {"declared":true,"installed":true,"version":"3.11.0","resolution":"/data/data/com.termux/files/home/Projects/amazon-clone/functions/node_modules/firebase-functions/lib/index.js"} {"metadata":{"emulator":{"name":"functions"},"function":{"name":"api"},"message":"[runtime-status] [20573] Resolved module firebase-functions {\"declared\":true,\"installed\":true,\"version\":\"3.11.0\",\"resolution\":\"/data/data/com.termux/files/home/Projects/amazon-clone/functions/node_modules/firebase-functions/lib/index.js\"}"}}
[debug] [2020-09-11T16:59:08.028Z] [runtime-status] [20573] Resolved module firebase-functions {"declared":true,"installed":true,"version":"3.11.0","resolution":"/data/data/com.termux/files/home/Projects/amazon-clone/functions/node_modules/firebase-functions/lib/index.js"} {"metadata":{"emulator":{"name":"functions"},"function":{"name":"api"},"message":"[runtime-status] [20573] Resolved module firebase-functions {\"declared\":true,\"installed\":true,\"version\":\"3.11.0\",\"resolution\":\"/data/data/com.termux/files/home/Projects/amazon-clone/functions/node_modules/firebase-functions/lib/index.js\"}"}}
[debug] [2020-09-11T16:59:08.041Z] [runtime-status] [20573] Outgoing network have been stubbed. [{"name":"http","status":"mocked"},{"name":"http","status":"mocked"},{"name":"https","status":"mocked"},{"name":"https","status":"mocked"},{"name":"net","status":"mocked"}] {"metadata":{"emulator":{"name":"functions"},"function":{"name":"api"},"message":"[runtime-status] [20573] Outgoing network have been stubbed. [{\"name\":\"http\",\"status\":\"mocked\"},{\"name\":\"http\",\"status\":\"mocked\"},{\"name\":\"https\",\"status\":\"mocked\"},{\"name\":\"https\",\"status\":\"mocked\"},{\"name\":\"net\",\"status\":\"mocked\"}]"}}
[debug] [2020-09-11T16:59:08.043Z] [runtime-status] [20573] Resolved module firebase-functions {"declared":true,"installed":true,"version":"3.11.0","resolution":"/data/data/com.termux/files/home/Projects/amazon-clone/functions/node_modules/firebase-functions/lib/index.js"} {"metadata":{"emulator":{"name":"functions"},"function":{"name":"api"},"message":"[runtime-status] [20573] Resolved module firebase-functions {\"declared\":true,\"installed\":true,\"version\":\"3.11.0\",\"resolution\":\"/data/data/com.termux/files/home/Projects/amazon-clone/functions/node_modules/firebase-functions/lib/index.js\"}"}}
[debug] [2020-09-11T16:59:08.161Z] [runtime-status] [20573] Checked functions.config() {"config":{}} {"metadata":{"emulator":{"name":"functions"},"function":{"name":"api"},"message":"[runtime-status] [20573] Checked functions.config() {\"config\":{}}"}}
[debug] [2020-09-11T16:59:08.163Z] [runtime-status] [20573] firebase-functions has been stubbed. {"functionsResolution":{"declared":true,"installed":true,"version":"3.11.0","resolution":"/data/data/com.termux/files/home/Projects/amazon-clone/functions/node_modules/firebase-functions/lib/index.js"}} {"metadata":{"emulator":{"name":"functions"},"function":{"name":"api"},"message":"[runtime-status] [20573] firebase-functions has been stubbed. {\"functionsResolution\":{\"declared\":true,\"installed\":true,\"version\":\"3.11.0\",\"resolution\":\"/data/data/com.termux/files/home/Projects/amazon-clone/functions/node_modules/firebase-functions/lib/index.js\"}}"}}
[debug] [2020-09-11T16:59:08.165Z] [runtime-status] [20573] Resolved module firebase-functions {"declared":true,"installed":true,"version":"3.11.0","resolution":"/data/data/com.termux/files/home/Projects/amazon-clone/functions/node_modules/firebase-functions/lib/index.js"} {"metadata":{"emulator":{"name":"functions"},"function":{"name":"api"},"message":"[runtime-status] [20573] Resolved module firebase-functions {\"declared\":true,\"installed\":true,\"version\":\"3.11.0\",\"resolution\":\"/data/data/com.termux/files/home/Projects/amazon-clone/functions/node_modules/firebase-functions/lib/index.js\"}"}}
[debug] [2020-09-11T16:59:08.168Z] [runtime-status] [20573] Resolved module firebase-admin {"declared":true,"installed":true,"version":"8.13.0","resolution":"/data/data/com.termux/files/home/Projects/amazon-clone/functions/node_modules/firebase-admin/lib/index.js"} {"metadata":{"emulator":{"name":"functions"},"function":{"name":"api"},"message":"[runtime-status] [20573] Resolved module firebase-admin {\"declared\":true,\"installed\":true,\"version\":\"8.13.0\",\"resolution\":\"/data/data/com.termux/files/home/Projects/amazon-clone/functions/node_modules/firebase-admin/lib/index.js\"}"}}
[debug] [2020-09-11T16:59:08.170Z] [runtime-status] [20573] Resolved module firebase-functions {"declared":true,"installed":true,"version":"3.11.0","resolution":"/data/data/com.termux/files/home/Projects/amazon-clone/functions/node_modules/firebase-functions/lib/index.js"} {"metadata":{"emulator":{"name":"functions"},"function":{"name":"api"},"message":"[runtime-status] [20573] Resolved module firebase-functions {\"declared\":true,\"installed\":true,\"version\":\"3.11.0\",\"resolution\":\"/data/data/com.termux/files/home/Projects/amazon-clone/functions/node_modules/firebase-functions/lib/index.js\"}"}}
[debug] [2020-09-11T16:59:08.173Z] [runtime-status] [20573] firebase-admin has been stubbed. {"adminResolution":{"declared":true,"installed":true,"version":"8.13.0","resolution":"/data/data/com.termux/files/home/Projects/amazon-clone/functions/node_modules/firebase-admin/lib/index.js"}} {"metadata":{"emulator":{"name":"functions"},"function":{"name":"api"},"message":"[runtime-status] [20573] firebase-admin has been stubbed. {\"adminResolution\":{\"declared\":true,\"installed\":true,\"version\":\"8.13.0\",\"resolution\":\"/data/data/com.termux/files/home/Projects/amazon-clone/functions/node_modules/firebase-admin/lib/index.js\"}}"}}
[debug] [2020-09-11T16:59:08.474Z] [runtime-status] [20573] Trigger "api" has been found, beginning invocation! {"metadata":{"emulator":{"name":"functions"},"function":{"name":"api"},"message":"[runtime-status] [20573] Trigger \"api\" has been found, beginning invocation!"}}
[info] i  functions: Beginning execution of "api" {"metadata":{"emulator":{"name":"functions"},"function":{"name":"api"},"message":"Beginning execution of \"api\""}}
[debug] [2020-09-11T16:59:08.477Z] [runtime-status] [20573] triggerDefinition {"httpsTrigger":{},"name":"api","entryPoint":"api"} {"metadata":{"emulator":{"name":"functions"},"function":{"name":"api"},"message":"[runtime-status] [20573] triggerDefinition {\"httpsTrigger\":{},\"name\":\"api\",\"entryPoint\":\"api\"}"}}
[debug] [2020-09-11T16:59:08.477Z] [runtime-status] [20573] Running api in mode HTTPS {"metadata":{"emulator":{"name":"functions"},"function":{"name":"api"},"message":"[runtime-status] [20573] Running api in mode HTTPS"}}
[debug] [2020-09-11T16:59:08.488Z] [runtime-status] [20573] Attempting to listen to socketPath: /data/data/com.termux/files/usr/tmp/fire_emu_20573.sock {"metadata":{"emulator":{"name":"functions"},"function":{"name":"api"},"message":"[runtime-status] [20573] Attempting to listen to socketPath: /data/data/com.termux/files/usr/tmp/fire_emu_20573.sock"}}
[debug] [2020-09-11T16:59:08.502Z] [functions] Runtime ready! Sending request! {"metadata":{"emulator":{"name":"functions"},"message":"[functions] Runtime ready! Sending request!"}}
[debug] [2020-09-11T16:59:08.526Z] [runtime-status] [20573] Ephemeral server handling GET request {"metadata":{"emulator":{"name":"functions"},"function":{"name":"api"},"message":"[runtime-status] [20573] Ephemeral server handling GET request"}}
[debug] [2020-09-11T16:59:08.548Z] [runtime-status] [20573] Ephemeral server survived. {"metadata":{"emulator":{"name":"functions"},"function":{"name":"api"},"message":"[runtime-status] [20573] Ephemeral server survived."}}
[info] i  functions: Finished "api" in ~1s {"metadata":{"emulator":{"name":"functions"},"function":{"name":"api"},"message":"Finished \"api\" in ~1s"}}
[debug] [2020-09-11T16:59:08.555Z] [worker-api-2c21d662-4181-4d0c-9748-9b44e9cf7f04]: IDLE {"metadata":{"emulator":{"name":"functions"},"message":"[worker-api-2c21d662-4181-4d0c-9748-9b44e9cf7f04]: IDLE"}}
[debug] [2020-09-11T16:59:08.556Z] [work-queue] {"queueLength":0,"workRunningCount":0}
[debug] [2020-09-11T16:59:08.623Z] Functions emulator received unknown request at path /favicon.ico
[debug] [2020-09-11T17:02:12.139Z] File /data/data/com.termux/files/home/Projects/amazon-clone/functions/index.js changed, reloading triggers {"metadata":{"emulator":{"name":"functions"},"message":"File /data/data/com.termux/files/home/Projects/amazon-clone/functions/index.js changed, reloading triggers"}}
[debug] [2020-09-11T17:02:13.144Z] [worker-pool] Shutting down IDLE worker (~diagnostic~) {"metadata":{"emulator":{"name":"functions"},"message":"[worker-pool] Shutting down IDLE worker (~diagnostic~)"}}
[debug] [2020-09-11T17:02:13.146Z] [worker-~diagnostic~-9f6ce316-6e7d-4cb6-951b-f86b17b3bcd4]: FINISHING {"metadata":{"emulator":{"name":"functions"},"message":"[worker-~diagnostic~-9f6ce316-6e7d-4cb6-951b-f86b17b3bcd4]: FINISHING"}}
[debug] [2020-09-11T17:02:13.151Z] [worker-pool] Shutting down IDLE worker (api) {"metadata":{"emulator":{"name":"functions"},"message":"[worker-pool] Shutting down IDLE worker (api)"}}
[debug] [2020-09-11T17:02:13.152Z] [worker-api-2c21d662-4181-4d0c-9748-9b44e9cf7f04]: FINISHING {"metadata":{"emulator":{"name":"functions"},"message":"[worker-api-2c21d662-4181-4d0c-9748-9b44e9cf7f04]: FINISHING"}}
[debug] [2020-09-11T17:02:13.170Z] [worker-pool] addWorker(~diagnostic~) {"metadata":{"emulator":{"name":"functions"},"message":"[worker-pool] addWorker(~diagnostic~)"}}
[debug] [2020-09-11T17:02:13.170Z] [worker-pool] Adding worker with key ~diagnostic~, total=2 {"metadata":{"emulator":{"name":"functions"},"message":"[worker-pool] Adding worker with key ~diagnostic~, total=2"}}
[debug] [2020-09-11T17:02:13.171Z] [worker-pool] submitWork(triggerId=) {"metadata":{"emulator":{"name":"functions"},"message":"[worker-pool] submitWork(triggerId=)"}}
[debug] [2020-09-11T17:02:13.171Z] [worker-~diagnostic~-216e6ed3-4ac2-4a50-a82e-38ba759915f3]: Assigning socketPath: /data/data/com.termux/files/usr/tmp/fire_emu_21238.sock {"metadata":{"emulator":{"name":"functions"},"message":"[worker-~diagnostic~-216e6ed3-4ac2-4a50-a82e-38ba759915f3]: Assigning socketPath: /data/data/com.termux/files/usr/tmp/fire_emu_21238.sock"}}
[debug] [2020-09-11T17:02:13.172Z] [worker-~diagnostic~-216e6ed3-4ac2-4a50-a82e-38ba759915f3]: BUSY {"metadata":{"emulator":{"name":"functions"},"message":"[worker-~diagnostic~-216e6ed3-4ac2-4a50-a82e-38ba759915f3]: BUSY"}}
[debug] [2020-09-11T17:02:13.178Z] [worker-~diagnostic~-9f6ce316-6e7d-4cb6-951b-f86b17b3bcd4]: exited {"metadata":{"emulator":{"name":"functions"},"message":"[worker-~diagnostic~-9f6ce316-6e7d-4cb6-951b-f86b17b3bcd4]: exited"}}
[debug] [2020-09-11T17:02:13.178Z] [worker-~diagnostic~-9f6ce316-6e7d-4cb6-951b-f86b17b3bcd4]: FINISHED {"metadata":{"emulator":{"name":"functions"},"message":"[worker-~diagnostic~-9f6ce316-6e7d-4cb6-951b-f86b17b3bcd4]: FINISHED"}}
[debug] [2020-09-11T17:02:13.179Z] [worker-api-2c21d662-4181-4d0c-9748-9b44e9cf7f04]: exited {"metadata":{"emulator":{"name":"functions"},"message":"[worker-api-2c21d662-4181-4d0c-9748-9b44e9cf7f04]: exited"}}
[debug] [2020-09-11T17:02:13.179Z] [worker-api-2c21d662-4181-4d0c-9748-9b44e9cf7f04]: FINISHED {"metadata":{"emulator":{"name":"functions"},"message":"[worker-api-2c21d662-4181-4d0c-9748-9b44e9cf7f04]: FINISHED"}}
[debug] [2020-09-11T17:02:14.095Z] [runtime-status] [21238] Functions runtime initialized. {"cwd":"/data/data/com.termux/files/home/Projects/amazon-clone/functions","node_version":"14.8.0"} {"metadata":{"emulator":{"name":"functions"},"message":"[runtime-status] [21238] Functions runtime initialized. {\"cwd\":\"/data/data/com.termux/files/home/Projects/amazon-clone/functions\",\"node_version\":\"14.8.0\"}"}}
[debug] [2020-09-11T17:02:14.102Z] [runtime-status] [21238] Disabled runtime features: undefined {"metadata":{"emulator":{"name":"functions"},"message":"[runtime-status] [21238] Disabled runtime features: undefined"}}
[debug] [2020-09-11T17:02:14.111Z] [runtime-status] [21238] Resolved module firebase-admin {"declared":true,"installed":true,"version":"8.13.0","resolution":"/data/data/com.termux/files/home/Projects/amazon-clone/functions/node_modules/firebase-admin/lib/index.js"} {"metadata":{"emulator":{"name":"functions"},"message":"[runtime-status] [21238] Resolved module firebase-admin {\"declared\":true,\"installed\":true,\"version\":\"8.13.0\",\"resolution\":\"/data/data/com.termux/files/home/Projects/amazon-clone/functions/node_modules/firebase-admin/lib/index.js\"}"}}
[debug] [2020-09-11T17:02:14.115Z] [runtime-status] [21238] Resolved module firebase-functions {"declared":true,"installed":true,"version":"3.11.0","resolution":"/data/data/com.termux/files/home/Projects/amazon-clone/functions/node_modules/firebase-functions/lib/index.js"} {"metadata":{"emulator":{"name":"functions"},"message":"[runtime-status] [21238] Resolved module firebase-functions {\"declared\":true,\"installed\":true,\"version\":\"3.11.0\",\"resolution\":\"/data/data/com.termux/files/home/Projects/amazon-clone/functions/node_modules/firebase-functions/lib/index.js\"}"}}
[debug] [2020-09-11T17:02:14.126Z] [runtime-status] [21238] Resolved module firebase-functions {"declared":true,"installed":true,"version":"3.11.0","resolution":"/data/data/com.termux/files/home/Projects/amazon-clone/functions/node_modules/firebase-functions/lib/index.js"} {"metadata":{"emulator":{"name":"functions"},"message":"[runtime-status] [21238] Resolved module firebase-functions {\"declared\":true,\"installed\":true,\"version\":\"3.11.0\",\"resolution\":\"/data/data/com.termux/files/home/Projects/amazon-clone/functions/node_modules/firebase-functions/lib/index.js\"}"}}
[debug] [2020-09-11T17:02:14.136Z] [runtime-status] [21238] Outgoing network have been stubbed. [{"name":"http","status":"mocked"},{"name":"http","status":"mocked"},{"name":"https","status":"mocked"},{"name":"https","status":"mocked"},{"name":"net","status":"mocked"}] {"metadata":{"emulator":{"name":"functions"},"message":"[runtime-status] [21238] Outgoing network have been stubbed. [{\"name\":\"http\",\"status\":\"mocked\"},{\"name\":\"http\",\"status\":\"mocked\"},{\"name\":\"https\",\"status\":\"mocked\"},{\"name\":\"https\",\"status\":\"mocked\"},{\"name\":\"net\",\"status\":\"mocked\"}]"}}
[debug] [2020-09-11T17:02:14.138Z] [runtime-status] [21238] Resolved module firebase-functions {"declared":true,"installed":true,"version":"3.11.0","resolution":"/data/data/com.termux/files/home/Projects/amazon-clone/functions/node_modules/firebase-functions/lib/index.js"} {"metadata":{"emulator":{"name":"functions"},"message":"[runtime-status] [21238] Resolved module firebase-functions {\"declared\":true,\"installed\":true,\"version\":\"3.11.0\",\"resolution\":\"/data/data/com.termux/files/home/Projects/amazon-clone/functions/node_modules/firebase-functions/lib/index.js\"}"}}
[debug] [2020-09-11T17:02:14.241Z] [runtime-status] [21238] Checked functions.config() {"config":{}} {"metadata":{"emulator":{"name":"functions"},"message":"[runtime-status] [21238] Checked functions.config() {\"config\":{}}"}}
[debug] [2020-09-11T17:02:14.242Z] [runtime-status] [21238] firebase-functions has been stubbed. {"functionsResolution":{"declared":true,"installed":true,"version":"3.11.0","resolution":"/data/data/com.termux/files/home/Projects/amazon-clone/functions/node_modules/firebase-functions/lib/index.js"}} {"metadata":{"emulator":{"name":"functions"},"message":"[runtime-status] [21238] firebase-functions has been stubbed. {\"functionsResolution\":{\"declared\":true,\"installed\":true,\"version\":\"3.11.0\",\"resolution\":\"/data/data/com.termux/files/home/Projects/amazon-clone/functions/node_modules/firebase-functions/lib/index.js\"}}"}}
[debug] [2020-09-11T17:02:14.244Z] [runtime-status] [21238] Resolved module firebase-functions {"declared":true,"installed":true,"version":"3.11.0","resolution":"/data/data/com.termux/files/home/Projects/amazon-clone/functions/node_modules/firebase-functions/lib/index.js"} {"metadata":{"emulator":{"name":"functions"},"message":"[runtime-status] [21238] Resolved module firebase-functions {\"declared\":true,\"installed\":true,\"version\":\"3.11.0\",\"resolution\":\"/data/data/com.termux/files/home/Projects/amazon-clone/functions/node_modules/firebase-functions/lib/index.js\"}"}}
[debug] [2020-09-11T17:02:14.246Z] [runtime-status] [21238] Resolved module firebase-admin {"declared":true,"installed":true,"version":"8.13.0","resolution":"/data/data/com.termux/files/home/Projects/amazon-clone/functions/node_modules/firebase-admin/lib/index.js"} {"metadata":{"emulator":{"name":"functions"},"message":"[runtime-status] [21238] Resolved module firebase-admin {\"declared\":true,\"installed\":true,\"version\":\"8.13.0\",\"resolution\":\"/data/data/com.termux/files/home/Projects/amazon-clone/functions/node_modules/firebase-admin/lib/index.js\"}"}}
[debug] [2020-09-11T17:02:14.248Z] [runtime-status] [21238] Resolved module firebase-functions {"declared":true,"installed":true,"version":"3.11.0","resolution":"/data/data/com.termux/files/home/Projects/amazon-clone/functions/node_modules/firebase-functions/lib/index.js"} {"metadata":{"emulator":{"name":"functions"},"message":"[runtime-status] [21238] Resolved module firebase-functions {\"declared\":true,\"installed\":true,\"version\":\"3.11.0\",\"resolution\":\"/data/data/com.termux/files/home/Projects/amazon-clone/functions/node_modules/firebase-functions/lib/index.js\"}"}}
[debug] [2020-09-11T17:02:14.251Z] [runtime-status] [21238] firebase-admin has been stubbed. {"adminResolution":{"declared":true,"installed":true,"version":"8.13.0","resolution":"/data/data/com.termux/files/home/Projects/amazon-clone/functions/node_modules/firebase-admin/lib/index.js"}} {"metadata":{"emulator":{"name":"functions"},"message":"[runtime-status] [21238] firebase-admin has been stubbed. {\"adminResolution\":{\"declared\":true,\"installed\":true,\"version\":\"8.13.0\",\"resolution\":\"/data/data/com.termux/files/home/Projects/amazon-clone/functions/node_modules/firebase-admin/lib/index.js\"}}"}}
[debug] [2020-09-11T17:02:14.528Z] [worker-~diagnostic~-216e6ed3-4ac2-4a50-a82e-38ba759915f3]: IDLE {"metadata":{"emulator":{"name":"functions"},"message":"[worker-~diagnostic~-216e6ed3-4ac2-4a50-a82e-38ba759915f3]: IDLE"}}
